2025-02-02 18:28:39.116 [info] Reading sessions from keychain...
2025-02-02 18:28:39.116 [info] Getting sessions for all scopes...
2025-02-02 18:28:39.116 [info] Getting sessions for all scopes...
2025-02-02 18:28:39.116 [info] Getting sessions for all scopes...
2025-02-02 18:28:39.116 [info] Getting sessions for all scopes...
2025-02-02 18:28:39.116 [info] Getting sessions for all scopes...
2025-02-02 18:28:39.116 [info] Getting sessions for all scopes...
2025-02-02 18:28:39.116 [info] Getting sessions for all scopes...
2025-02-02 18:28:39.116 [info] Got stored sessions!
2025-02-02 18:28:39.116 [info] Got 2 verified sessions.
2025-02-02 18:28:39.116 [info] Got 2 sessions for ...
2025-02-02 18:28:39.116 [info] Got 2 sessions for ...
2025-02-02 18:28:39.116 [info] Got 2 sessions for ...
2025-02-02 18:28:39.116 [info] Got 2 sessions for ...
2025-02-02 18:28:39.116 [info] Got 2 sessions for ...
2025-02-02 18:28:39.116 [info] Got 2 sessions for ...
2025-02-02 18:28:39.116 [info] Got 2 sessions for ...
2025-02-02 18:28:41.485 [info] Getting sessions for all scopes...
2025-02-02 18:28:41.485 [info] Got 2 sessions for ...
2025-02-02 18:28:42.246 [info] Getting sessions for read:user,repo,user:email,workflow...
2025-02-02 18:28:42.247 [info] Got 0 sessions for read:user,repo,user:email,workflow...
2025-02-02 18:28:42.247 [info] Getting sessions for all scopes...
2025-02-02 18:28:42.247 [info] Got 2 sessions for ...
2025-02-02 18:28:42.247 [info] Getting sessions for all scopes...
2025-02-02 18:28:42.247 [info] Got 2 sessions for ...
2025-02-02 18:28:42.251 [info] Getting sessions for read:user...
2025-02-02 18:28:42.251 [info] Got 0 sessions for read:user...
2025-02-02 18:28:42.253 [info] Getting sessions for read:user,repo,user:email,workflow...
2025-02-02 18:28:42.253 [info] Got 0 sessions for read:user,repo,user:email,workflow...
2025-02-02 18:28:42.373 [info] Getting sessions for user:email...
2025-02-02 18:28:42.373 [info] Got 1 sessions for user:email...
2025-02-02 18:28:42.374 [info] Getting sessions for user:email...
2025-02-02 18:28:42.374 [info] Got 1 sessions for user:email...
2025-02-02 18:28:42.393 [info] Getting sessions for all scopes...
2025-02-02 18:28:42.393 [info] Got 2 sessions for ...
2025-02-02 18:28:42.571 [info] Getting sessions for read:user,repo,user:email,workflow...
2025-02-02 18:28:42.572 [info] Got 0 sessions for read:user,repo,user:email,workflow...
2025-02-02 18:28:42.586 [info] Getting sessions for user:email...
2025-02-02 18:28:42.586 [info] Got 1 sessions for user:email...
2025-02-02 18:28:42.663 [info] Getting sessions for all scopes...
2025-02-02 18:28:42.663 [info] Got 2 sessions for ...
2025-02-02 18:28:42.664 [info] Getting sessions for all scopes...
2025-02-02 18:28:42.664 [info] Got 2 sessions for ...
2025-02-02 18:28:42.667 [info] Getting sessions for read:user,repo,user:email,workflow...
2025-02-02 18:28:42.667 [info] Got 0 sessions for read:user,repo,user:email,workflow...
2025-02-02 18:28:42.670 [info] Getting sessions for user:email...
2025-02-02 18:28:42.670 [info] Got 1 sessions for user:email...
2025-02-02 18:28:43.231 [info] Getting sessions for all scopes...
2025-02-02 18:28:43.231 [info] Got 2 sessions for ...
2025-02-02 18:28:43.231 [info] Getting sessions for all scopes...
2025-02-02 18:28:43.231 [info] Got 2 sessions for ...
2025-02-02 18:28:43.244 [info] Getting sessions for read:user,repo,user:email,workflow...
2025-02-02 18:28:43.244 [info] Got 0 sessions for read:user,repo,user:email,workflow...
2025-02-02 18:28:43.246 [info] Getting sessions for user:email...
2025-02-02 18:28:43.246 [info] Got 1 sessions for user:email...
2025-02-02 18:28:43.249 [info] Getting sessions for all scopes...
2025-02-02 18:28:43.249 [info] Got 2 sessions for ...
2025-02-02 18:28:43.251 [info] Getting sessions for read:user,repo,user:email,workflow...
2025-02-02 18:28:43.251 [info] Got 0 sessions for read:user,repo,user:email,workflow...
2025-02-02 18:28:43.252 [info] Getting sessions for user:email...
2025-02-02 18:28:43.253 [info] Got 1 sessions for user:email...
2025-02-02 18:28:43.363 [info] Getting sessions for all scopes...
2025-02-02 18:28:43.363 [info] Got 2 sessions for ...
2025-02-02 18:28:43.365 [info] Getting sessions for read:user,repo,user:email,workflow...
2025-02-02 18:28:43.365 [info] Got 0 sessions for read:user,repo,user:email,workflow...
2025-02-02 18:28:43.367 [info] Getting sessions for user:email...
2025-02-02 18:28:43.367 [info] Got 1 sessions for user:email...
2025-02-02 18:28:43.498 [info] Getting sessions for read:user,repo,user:email,workflow...
2025-02-02 18:28:43.498 [info] Got 0 sessions for read:user,repo,user:email,workflow...
2025-02-02 18:28:43.511 [info] Getting sessions for read:user...
2025-02-02 18:28:43.511 [info] Got 0 sessions for read:user...
2025-02-02 18:28:43.515 [info] Getting sessions for user:email...
2025-02-02 18:28:43.515 [info] Got 1 sessions for user:email...
2025-02-02 18:28:44.214 [info] Getting sessions for all scopes...
2025-02-02 18:28:44.214 [info] Got 2 sessions for ...
2025-02-02 18:28:44.220 [info] Getting sessions for read:user,repo,user:email,workflow...
2025-02-02 18:28:44.220 [info] Got 0 sessions for read:user,repo,user:email,workflow...
2025-02-02 18:28:44.222 [info] Getting sessions for user:email...
2025-02-02 18:28:44.222 [info] Got 1 sessions for user:email...
2025-02-02 18:30:10.148 [info] Getting sessions for read:user,repo,user:email,workflow...
2025-02-02 18:30:10.148 [info] Got 0 sessions for read:user,repo,user:email,workflow...
2025-02-02 18:30:12.362 [info] Logging in with 'any' account...
2025-02-02 18:30:12.363 [info] Logging in for the following scopes: read:user repo user:email workflow
2025-02-02 18:30:12.415 [info] Trying without local server... (read:user repo user:email workflow)
2025-02-02 18:30:21.279 [info] Exchanging code for token...
2025-02-02 18:30:21.705 [info] Token exchange success!
2025-02-02 18:30:21.709 [info] Getting user info...
2025-02-02 18:30:22.092 [info] Got account info!
2025-02-02 18:30:22.095 [info] Storing 3 sessions...
2025-02-02 18:30:22.107 [info] Reading sessions from keychain...
2025-02-02 18:30:22.108 [info] Stored 3 sessions!
2025-02-02 18:30:22.109 [info] Login success!
2025-02-02 18:30:22.112 [info] Getting sessions for all scopes...
2025-02-02 18:30:22.121 [info] Got stored sessions!
2025-02-02 18:30:22.122 [info] Got 3 verified sessions.
2025-02-02 18:30:22.122 [info] Got 3 sessions for ...
2025-02-02 18:30:22.124 [info] Getting sessions for all scopes...
2025-02-02 18:30:22.124 [info] Got 3 sessions for ...
2025-02-02 18:30:22.230 [info] Getting sessions for all scopes...
2025-02-02 18:30:22.230 [info] Got 3 sessions for ...
2025-02-02 18:30:22.230 [info] Getting sessions for all scopes...
2025-02-02 18:30:22.230 [info] Got 3 sessions for ...
2025-02-02 18:30:22.230 [info] Getting sessions for read:user,repo,user:email,workflow...
2025-02-02 18:30:22.230 [info] Got 1 sessions for read:user,repo,user:email,workflow...
2025-02-02 18:30:22.237 [info] Getting sessions for read:user,repo,user:email,workflow...
2025-02-02 18:30:22.237 [info] Got 1 sessions for read:user,repo,user:email,workflow...
2025-02-02 18:30:22.241 [info] Getting sessions for all scopes...
2025-02-02 18:30:22.241 [info] Got 3 sessions for ...
2025-02-02 18:30:22.243 [info] Getting sessions for read:user,repo,user:email,workflow...
2025-02-02 18:30:22.243 [info] Got 1 sessions for read:user,repo,user:email,workflow...
2025-02-02 18:30:22.245 [info] Getting sessions for all scopes...
2025-02-02 18:30:22.245 [info] Got 3 sessions for ...
2025-02-02 18:30:22.255 [info] Getting sessions for read:user,repo,user:email,workflow...
2025-02-02 18:30:22.256 [info] Got 1 sessions for read:user,repo,user:email,workflow...
2025-02-02 18:30:22.862 [info] Getting sessions for all scopes...
2025-02-02 18:30:22.862 [info] Got 3 sessions for ...
2025-02-02 18:30:22.864 [info] Getting sessions for all scopes...
2025-02-02 18:30:22.864 [info] Got 3 sessions for ...
2025-02-02 18:30:22.871 [info] Getting sessions for read:user,repo,user:email,workflow...
2025-02-02 18:30:22.871 [info] Got 1 sessions for read:user,repo,user:email,workflow...
2025-02-02 18:30:22.886 [info] Getting sessions for all scopes...
2025-02-02 18:30:22.886 [info] Got 3 sessions for ...
2025-02-02 18:30:22.931 [info] Getting sessions for read:user,repo,user:email,workflow...
2025-02-02 18:30:22.931 [info] Got 1 sessions for read:user,repo,user:email,workflow...
2025-02-02 18:30:22.947 [info] Getting sessions for all scopes...
2025-02-02 18:30:22.947 [info] Got 3 sessions for ...
2025-02-02 18:30:22.953 [info] Getting sessions for read:user,repo,user:email,workflow...
2025-02-02 18:30:22.953 [info] Got 1 sessions for read:user,repo,user:email,workflow...
2025-02-02 18:45:22.964 [info] Getting sessions for all scopes...
2025-02-02 18:45:22.964 [info] Got 3 sessions for ...
2025-02-02 18:45:22.968 [info] Getting sessions for read:user,repo,user:email,workflow...
2025-02-02 18:45:22.968 [info] Got 1 sessions for read:user,repo,user:email,workflow...
2025-02-02 18:45:22.973 [info] Getting sessions for all scopes...
2025-02-02 18:45:22.973 [info] Got 3 sessions for ...
2025-02-02 18:45:22.977 [info] Getting sessions for read:user,repo,user:email,workflow...
2025-02-02 18:45:22.977 [info] Got 1 sessions for read:user,repo,user:email,workflow...
2025-02-02 18:53:42.987 [info] Getting sessions for read:user,repo,user:email,workflow...
2025-02-02 18:53:42.987 [info] Got 1 sessions for read:user,repo,user:email,workflow...
2025-02-02 18:55:22.853 [info] Getting sessions for all scopes...
2025-02-02 18:55:22.853 [info] Got 3 sessions for ...
2025-02-02 18:55:22.861 [info] Getting sessions for read:user,repo,user:email,workflow...
2025-02-02 18:55:22.861 [info] Got 1 sessions for read:user,repo,user:email,workflow...
2025-02-02 18:55:23.513 [info] Getting sessions for all scopes...
2025-02-02 18:55:23.513 [info] Got 3 sessions for ...
2025-02-02 18:55:23.513 [info] Getting sessions for all scopes...
2025-02-02 18:55:23.513 [info] Got 3 sessions for ...
2025-02-02 18:55:23.514 [info] Getting sessions for read:user,repo,user:email,workflow...
2025-02-02 18:55:23.514 [info] Got 1 sessions for read:user,repo,user:email,workflow...
2025-02-02 18:55:23.516 [info] Getting sessions for all scopes...
2025-02-02 18:55:23.516 [info] Got 3 sessions for ...
2025-02-02 18:55:23.518 [info] Getting sessions for read:user,repo,user:email,workflow...
2025-02-02 18:55:23.518 [info] Got 1 sessions for read:user,repo,user:email,workflow...
2025-02-02 18:55:23.523 [info] Getting sessions for all scopes...
2025-02-02 18:55:23.523 [info] Got 3 sessions for ...
2025-02-02 18:55:23.525 [info] Getting sessions for read:user,repo,user:email,workflow...
2025-02-02 18:55:23.525 [info] Got 1 sessions for read:user,repo,user:email,workflow...
2025-02-02 18:55:23.531 [info] Getting sessions for all scopes...
2025-02-02 18:55:23.531 [info] Got 3 sessions for ...
2025-02-02 18:55:23.533 [info] Getting sessions for read:user,repo,user:email,workflow...
2025-02-02 18:55:23.533 [info] Got 1 sessions for read:user,repo,user:email,workflow...
2025-02-02 19:10:24.029 [info] Getting sessions for all scopes...
2025-02-02 19:10:24.032 [info] Got 3 sessions for ...
2025-02-02 19:10:24.037 [info] Getting sessions for read:user,repo,user:email,workflow...
2025-02-02 19:10:24.037 [info] Got 1 sessions for read:user,repo,user:email,workflow...
2025-02-02 19:10:24.041 [info] Getting sessions for all scopes...
2025-02-02 19:10:24.041 [info] Got 3 sessions for ...
2025-02-02 19:10:24.043 [info] Getting sessions for read:user,repo,user:email,workflow...
2025-02-02 19:10:24.043 [info] Got 1 sessions for read:user,repo,user:email,workflow...
2025-02-02 19:12:12.307 [info] Getting sessions for codespace,read:user,repo,user:email...
2025-02-02 19:12:12.307 [info] Got 1 sessions for codespace,read:user,repo,user:email...
2025-02-02 19:15:44.154 [info] Getting sessions for read:user,repo,user:email,workflow...
2025-02-02 19:15:44.155 [info] Got 1 sessions for read:user,repo,user:email,workflow...
2025-02-02 19:18:43.372 [info] Getting sessions for read:user,repo,user:email,workflow...
2025-02-02 19:18:43.373 [info] Got 1 sessions for read:user,repo,user:email,workflow...
2025-02-02 19:20:23.528 [info] Getting sessions for all scopes...
2025-02-02 19:20:23.528 [info] Got 3 sessions for ...
2025-02-02 19:20:23.531 [info] Getting sessions for read:user,repo,user:email,workflow...
2025-02-02 19:20:23.531 [info] Got 1 sessions for read:user,repo,user:email,workflow...
2025-02-02 19:20:24.212 [info] Getting sessions for all scopes...
2025-02-02 19:20:24.212 [info] Got 3 sessions for ...
2025-02-02 19:20:24.213 [info] Getting sessions for all scopes...
2025-02-02 19:20:24.213 [info] Got 3 sessions for ...
2025-02-02 19:20:24.214 [info] Getting sessions for read:user,repo,user:email,workflow...
2025-02-02 19:20:24.214 [info] Got 1 sessions for read:user,repo,user:email,workflow...
2025-02-02 19:20:24.215 [info] Getting sessions for all scopes...
2025-02-02 19:20:24.215 [info] Got 3 sessions for ...
2025-02-02 19:20:24.217 [info] Getting sessions for read:user,repo,user:email,workflow...
2025-02-02 19:20:24.217 [info] Got 1 sessions for read:user,repo,user:email,workflow...
2025-02-02 19:20:24.221 [info] Getting sessions for all scopes...
2025-02-02 19:20:24.221 [info] Got 3 sessions for ...
2025-02-02 19:20:24.223 [info] Getting sessions for read:user,repo,user:email,workflow...
2025-02-02 19:20:24.223 [info] Got 1 sessions for read:user,repo,user:email,workflow...
