2025-02-02 17:30:24.970 [info] Reading sessions from keychain...
2025-02-02 17:30:24.970 [info] Getting sessions for all scopes...
2025-02-02 17:30:24.970 [info] Getting sessions for all scopes...
2025-02-02 17:30:24.970 [info] Getting sessions for all scopes...
2025-02-02 17:30:24.970 [info] Getting sessions for all scopes...
2025-02-02 17:30:24.970 [info] Getting sessions for all scopes...
2025-02-02 17:30:24.970 [info] Getting sessions for all scopes...
2025-02-02 17:30:24.970 [info] Getting sessions for all scopes...
2025-02-02 17:30:25.572 [info] Getting sessions for all scopes...
2025-02-02 17:31:52.872 [info] Got 0 sessions for ...
2025-02-02 17:31:52.872 [info] Got 0 sessions for ...
2025-02-02 17:31:52.872 [info] Got 0 sessions for ...
2025-02-02 17:31:52.872 [info] Got 0 sessions for ...
2025-02-02 17:31:52.872 [info] Got 0 sessions for ...
2025-02-02 17:31:52.872 [info] Got 0 sessions for ...
2025-02-02 17:31:52.872 [info] Got 0 sessions for ...
2025-02-02 17:31:52.872 [info] Got 0 sessions for ...
2025-02-02 17:32:11.083 [info] Logging in with 'any' account...
2025-02-02 17:32:11.083 [info] Logging in for the following scopes: user:email
2025-02-02 17:32:11.152 [info] Trying without local server... (user:email)
2025-02-02 17:37:11.236 [error] Timed out
2025-02-02 17:38:36.177 [info] Trying with local server... (user:email)
2025-02-02 17:38:40.829 [info] Exchanging code for token...
2025-02-02 17:38:41.321 [info] Token exchange success!
2025-02-02 17:38:41.327 [info] Getting user info...
2025-02-02 17:38:41.717 [info] Got account info!
2025-02-02 17:38:41.719 [info] Storing 1 sessions...
2025-02-02 17:38:41.782 [info] Reading sessions from keychain...
2025-02-02 17:38:41.782 [info] Stored 1 sessions!
2025-02-02 17:38:41.783 [info] Login success!
2025-02-02 17:38:41.796 [info] Getting sessions for all scopes...
2025-02-02 17:38:41.796 [info] Got stored sessions!
2025-02-02 17:38:41.796 [info] Got 1 verified sessions.
2025-02-02 17:38:41.796 [info] Got 1 sessions for ...
2025-02-02 17:38:53.502 [info] Getting sessions for read:user,repo,user:email,workflow...
2025-02-02 17:38:53.502 [info] Got 0 sessions for read:user,repo,user:email,workflow...
2025-02-02 17:38:53.502 [info] Getting sessions for all scopes...
2025-02-02 17:38:53.502 [info] Got 1 sessions for ...
2025-02-02 17:38:53.503 [info] Getting sessions for all scopes...
2025-02-02 17:38:53.503 [info] Got 1 sessions for ...
2025-02-02 17:38:53.509 [info] Getting sessions for read:user...
2025-02-02 17:38:53.509 [info] Got 0 sessions for read:user...
2025-02-02 17:38:53.512 [info] Getting sessions for read:user,repo,user:email,workflow...
2025-02-02 17:38:53.512 [info] Got 0 sessions for read:user,repo,user:email,workflow...
2025-02-02 17:38:53.516 [info] Getting sessions for user:email...
2025-02-02 17:38:53.516 [info] Got 1 sessions for user:email...
2025-02-02 17:38:53.517 [info] Getting sessions for user:email...
2025-02-02 17:38:53.517 [info] Got 1 sessions for user:email...
2025-02-02 17:38:53.645 [info] Getting sessions for all scopes...
2025-02-02 17:38:53.645 [info] Got 1 sessions for ...
2025-02-02 17:38:53.647 [info] Getting sessions for read:user,repo,user:email,workflow...
2025-02-02 17:38:53.647 [info] Got 0 sessions for read:user,repo,user:email,workflow...
2025-02-02 17:38:53.649 [info] Getting sessions for user:email...
2025-02-02 17:38:53.649 [info] Got 1 sessions for user:email...
2025-02-02 17:38:53.659 [info] Getting sessions for all scopes...
2025-02-02 17:38:53.659 [info] Got 1 sessions for ...
2025-02-02 17:38:53.661 [info] Getting sessions for read:user,repo,user:email,workflow...
2025-02-02 17:38:53.662 [info] Got 0 sessions for read:user,repo,user:email,workflow...
2025-02-02 17:38:53.664 [info] Getting sessions for user:email...
2025-02-02 17:38:53.664 [info] Got 1 sessions for user:email...
2025-02-02 17:38:53.843 [info] Getting sessions for all scopes...
2025-02-02 17:38:53.843 [info] Got 1 sessions for ...
2025-02-02 17:38:53.848 [info] Getting sessions for read:user,repo,user:email,workflow...
2025-02-02 17:38:53.848 [info] Got 0 sessions for read:user,repo,user:email,workflow...
2025-02-02 17:38:53.857 [info] Getting sessions for user:email...
2025-02-02 17:38:53.857 [info] Got 1 sessions for user:email...
2025-02-02 17:38:54.322 [info] Getting sessions for all scopes...
2025-02-02 17:38:54.322 [info] Got 1 sessions for ...
2025-02-02 17:38:54.322 [info] Getting sessions for all scopes...
2025-02-02 17:38:54.322 [info] Got 1 sessions for ...
2025-02-02 17:38:54.371 [info] Getting sessions for read:user,repo,user:email,workflow...
2025-02-02 17:38:54.372 [info] Got 0 sessions for read:user,repo,user:email,workflow...
2025-02-02 17:38:54.378 [info] Getting sessions for user:email...
2025-02-02 17:38:54.378 [info] Got 1 sessions for user:email...
2025-02-02 17:38:54.395 [info] Getting sessions for all scopes...
2025-02-02 17:38:54.395 [info] Got 1 sessions for ...
2025-02-02 17:38:54.397 [info] Getting sessions for read:user,repo,user:email,workflow...
2025-02-02 17:38:54.397 [info] Got 0 sessions for read:user,repo,user:email,workflow...
2025-02-02 17:38:54.401 [info] Getting sessions for user:email...
2025-02-02 17:38:54.401 [info] Got 1 sessions for user:email...
2025-02-02 17:38:54.551 [info] Getting sessions for all scopes...
2025-02-02 17:38:54.551 [info] Got 1 sessions for ...
2025-02-02 17:38:54.571 [info] Getting sessions for read:user,repo,user:email,workflow...
2025-02-02 17:38:54.571 [info] Got 0 sessions for read:user,repo,user:email,workflow...
2025-02-02 17:38:54.573 [info] Getting sessions for user:email...
2025-02-02 17:38:54.573 [info] Got 1 sessions for user:email...
2025-02-02 17:38:54.707 [info] Getting sessions for read:user,repo,user:email,workflow...
2025-02-02 17:38:54.707 [info] Got 0 sessions for read:user,repo,user:email,workflow...
2025-02-02 17:38:54.710 [info] Getting sessions for read:user...
2025-02-02 17:38:54.711 [info] Got 0 sessions for read:user...
2025-02-02 17:38:54.727 [info] Getting sessions for user:email...
2025-02-02 17:38:54.727 [info] Got 1 sessions for user:email...
2025-02-02 17:38:55.432 [info] Getting sessions for all scopes...
2025-02-02 17:38:55.432 [info] Got 1 sessions for ...
2025-02-02 17:38:55.441 [info] Getting sessions for read:user,repo,user:email,workflow...
2025-02-02 17:38:55.441 [info] Got 0 sessions for read:user,repo,user:email,workflow...
2025-02-02 17:38:55.443 [info] Getting sessions for user:email...
2025-02-02 17:38:55.443 [info] Got 1 sessions for user:email...
2025-02-02 17:47:51.474 [info] Getting sessions for codespace,read:user,repo,user:email...
2025-02-02 17:47:51.474 [info] Got 0 sessions for codespace,read:user,repo,user:email...
2025-02-02 17:47:51.524 [info] Getting sessions for codespace,read:user,repo,user:email...
2025-02-02 17:47:51.524 [info] Got 0 sessions for codespace,read:user,repo,user:email...
2025-02-02 17:47:51.719 [info] Getting sessions for codespace,read:user,repo,user:email...
2025-02-02 17:47:51.719 [info] Got 0 sessions for codespace,read:user,repo,user:email...
2025-02-02 17:47:55.449 [info] Logging in with 'any' account...
2025-02-02 17:47:55.449 [info] Logging in for the following scopes: codespace read:user repo user:email
2025-02-02 17:47:55.459 [info] Trying without local server... (codespace read:user repo user:email)
2025-02-02 17:48:09.549 [info] Exchanging code for token...
2025-02-02 17:48:09.954 [info] Token exchange success!
2025-02-02 17:48:09.957 [info] Getting user info...
2025-02-02 17:48:10.359 [info] Got account info!
2025-02-02 17:48:10.360 [info] Storing 2 sessions...
2025-02-02 17:48:10.368 [info] Reading sessions from keychain...
2025-02-02 17:48:10.368 [info] Stored 2 sessions!
2025-02-02 17:48:10.369 [info] Login success!
2025-02-02 17:48:10.371 [info] Getting sessions for all scopes...
2025-02-02 17:48:10.379 [info] Getting sessions for all scopes...
2025-02-02 17:48:10.543 [info] Got stored sessions!
2025-02-02 17:48:10.543 [info] Got 2 verified sessions.
2025-02-02 17:48:10.543 [info] Got 2 sessions for ...
2025-02-02 17:48:10.543 [info] Got 2 sessions for ...
2025-02-02 17:48:10.546 [info] Getting sessions for all scopes...
2025-02-02 17:48:10.546 [info] Got 2 sessions for ...
2025-02-02 17:48:10.546 [info] Getting sessions for all scopes...
2025-02-02 17:48:10.546 [info] Got 2 sessions for ...
2025-02-02 17:48:10.547 [info] Getting sessions for read:user,repo,user:email,workflow...
2025-02-02 17:48:10.547 [info] Got 0 sessions for read:user,repo,user:email,workflow...
2025-02-02 17:48:10.548 [info] Getting sessions for read:user,repo,user:email,workflow...
2025-02-02 17:48:10.548 [info] Got 0 sessions for read:user,repo,user:email,workflow...
2025-02-02 17:48:10.548 [info] Getting sessions for read:user...
2025-02-02 17:48:10.549 [info] Got 0 sessions for read:user...
2025-02-02 17:48:10.550 [info] Getting sessions for user:email...
2025-02-02 17:48:10.550 [info] Got 1 sessions for user:email...
2025-02-02 17:48:10.550 [info] Getting sessions for user:email...
2025-02-02 17:48:10.550 [info] Got 1 sessions for user:email...
2025-02-02 17:48:10.560 [info] Getting sessions for all scopes...
2025-02-02 17:48:10.560 [info] Got 2 sessions for ...
2025-02-02 17:48:10.562 [info] Getting sessions for read:user,repo,user:email,workflow...
2025-02-02 17:48:10.562 [info] Got 0 sessions for read:user,repo,user:email,workflow...
2025-02-02 17:48:10.566 [info] Getting sessions for user:email...
2025-02-02 17:48:10.566 [info] Got 1 sessions for user:email...
2025-02-02 17:53:55.449 [info] Getting sessions for all scopes...
2025-02-02 17:53:55.449 [info] Got 2 sessions for ...
2025-02-02 17:53:55.450 [info] Getting sessions for read:user,repo,user:email,workflow...
2025-02-02 17:53:55.450 [info] Got 0 sessions for read:user,repo,user:email,workflow...
2025-02-02 17:53:55.452 [info] Getting sessions for user:email...
2025-02-02 17:53:55.452 [info] Got 1 sessions for user:email...
2025-02-02 17:53:55.455 [info] Getting sessions for all scopes...
2025-02-02 17:53:55.455 [info] Got 2 sessions for ...
2025-02-02 17:53:55.456 [info] Getting sessions for read:user,repo,user:email,workflow...
2025-02-02 17:53:55.456 [info] Got 0 sessions for read:user,repo,user:email,workflow...
2025-02-02 17:53:55.458 [info] Getting sessions for user:email...
2025-02-02 17:53:55.458 [info] Got 1 sessions for user:email...
2025-02-02 18:03:53.994 [info] Getting sessions for read:user,repo,user:email,workflow...
2025-02-02 18:03:53.994 [info] Got 0 sessions for read:user,repo,user:email,workflow...
2025-02-02 18:03:53.998 [info] Getting sessions for read:user...
2025-02-02 18:03:53.998 [info] Got 0 sessions for read:user...
2025-02-02 18:03:54.003 [info] Getting sessions for user:email...
2025-02-02 18:03:54.003 [info] Got 1 sessions for user:email...
2025-02-02 18:03:54.150 [info] Getting sessions for all scopes...
2025-02-02 18:03:54.151 [info] Got 2 sessions for ...
2025-02-02 18:03:54.154 [info] Getting sessions for read:user,repo,user:email,workflow...
2025-02-02 18:03:54.154 [info] Got 0 sessions for read:user,repo,user:email,workflow...
2025-02-02 18:03:54.158 [info] Getting sessions for user:email...
2025-02-02 18:03:54.158 [info] Got 1 sessions for user:email...
2025-02-02 18:03:54.702 [info] Getting sessions for all scopes...
2025-02-02 18:03:54.702 [info] Got 2 sessions for ...
2025-02-02 18:03:54.703 [info] Getting sessions for all scopes...
2025-02-02 18:03:54.703 [info] Got 2 sessions for ...
2025-02-02 18:03:54.706 [info] Getting sessions for read:user,repo,user:email,workflow...
2025-02-02 18:03:54.706 [info] Got 0 sessions for read:user,repo,user:email,workflow...
2025-02-02 18:03:54.710 [info] Getting sessions for user:email...
2025-02-02 18:03:54.710 [info] Got 1 sessions for user:email...
2025-02-02 18:03:54.714 [info] Getting sessions for all scopes...
2025-02-02 18:03:54.714 [info] Got 2 sessions for ...
2025-02-02 18:03:54.719 [info] Getting sessions for read:user,repo,user:email,workflow...
2025-02-02 18:03:54.719 [info] Got 0 sessions for read:user,repo,user:email,workflow...
2025-02-02 18:03:54.723 [info] Getting sessions for user:email...
2025-02-02 18:03:54.723 [info] Got 1 sessions for user:email...
2025-02-02 18:03:54.746 [info] Getting sessions for all scopes...
2025-02-02 18:03:54.746 [info] Got 2 sessions for ...
2025-02-02 18:03:54.748 [info] Getting sessions for read:user,repo,user:email,workflow...
2025-02-02 18:03:54.748 [info] Got 0 sessions for read:user,repo,user:email,workflow...
2025-02-02 18:03:54.750 [info] Getting sessions for user:email...
2025-02-02 18:03:54.750 [info] Got 1 sessions for user:email...
2025-02-02 18:18:54.764 [info] Getting sessions for all scopes...
2025-02-02 18:18:54.764 [info] Got 2 sessions for ...
2025-02-02 18:18:54.769 [info] Getting sessions for read:user,repo,user:email,workflow...
2025-02-02 18:18:54.769 [info] Got 0 sessions for read:user,repo,user:email,workflow...
2025-02-02 18:18:54.774 [info] Getting sessions for user:email...
2025-02-02 18:18:54.774 [info] Got 1 sessions for user:email...
2025-02-02 18:18:54.779 [info] Getting sessions for all scopes...
2025-02-02 18:18:54.779 [info] Got 2 sessions for ...
2025-02-02 18:18:54.783 [info] Getting sessions for read:user,repo,user:email,workflow...
2025-02-02 18:18:54.783 [info] Got 0 sessions for read:user,repo,user:email,workflow...
2025-02-02 18:18:54.788 [info] Getting sessions for user:email...
2025-02-02 18:18:54.788 [info] Got 1 sessions for user:email...
